<?xml version="1.0" encoding="UTF-8"?>
<!-- Generated by org.testng.reporters.JUnitXMLReporter -->
<testsuite hostname="DESKTOP-I8OM9FR" name="Test(failed)" tests="2" failures="2" timestamp="6 May 2021 11:02:16 GMT" time="24.868" errors="0">
  <testcase name="loginDDT" time="5.774" classname="testCases.TC_LoginDDT_002">
    <failure type="java.lang.AssertionError">
      <![CDATA[java.lang.AssertionError
	at org.junit.Assert.fail(Assert.java:86)
	at org.junit.Assert.assertTrue(Assert.java:41)
	at org.junit.Assert.assertTrue(Assert.java:52)
	at testCases.TC_LoginDDT_002.loginDDT(TC_LoginDDT_002.java:34)
... Removed 24 stack frames]]>
    </failure>
  </testcase> <!-- loginDDT -->
  <testcase name="loginDDT" time="5.673" classname="testCases.TC_LoginDDT_002">
    <failure type="java.lang.AssertionError">
      <![CDATA[java.lang.AssertionError
	at org.junit.Assert.fail(Assert.java:86)
	at org.junit.Assert.assertTrue(Assert.java:41)
	at org.junit.Assert.assertTrue(Assert.java:52)
	at testCases.TC_LoginDDT_002.loginDDT(TC_LoginDDT_002.java:34)
... Removed 24 stack frames]]>
    </failure>
  </testcase> <!-- loginDDT -->
</testsuite> <!-- Test(failed) -->
