<?xml version="1.0" encoding="UTF-8"?>
<testng-results skipped="0" failed="0" total="2" passed="2">
  <reporter-output>
  </reporter-output>
  <suite name="Suite" duration-ms="24988" started-at="2021-05-07T08:01:46Z" finished-at="2021-05-07T08:02:11Z">
    <groups>
    </groups>
    <test name="Test" duration-ms="24988" started-at="2021-05-07T08:01:46Z" finished-at="2021-05-07T08:02:11Z">
      <class name="testCases.TC_AddCustomerTest_003">
        <test-method status="PASS" signature="AddCustomer()[pri:0, instance:testCases.TC_AddCustomerTest_003@43301423]" name="AddCustomer" duration-ms="14900" started-at="2021-05-07T13:31:46Z" finished-at="2021-05-07T13:32:01Z">
          <reporter-output>
          </reporter-output>
        </test-method> <!-- AddCustomer -->
      </class> <!-- testCases.TC_AddCustomerTest_003 -->
      <class name="testCases.TC_LoginTest_001">
        <test-method status="PASS" signature="login()[pri:0, instance:testCases.TC_LoginTest_001@51e5fc98]" name="login" duration-ms="10056" started-at="2021-05-07T13:32:01Z" finished-at="2021-05-07T13:32:11Z">
          <reporter-output>
          </reporter-output>
        </test-method> <!-- login -->
      </class> <!-- testCases.TC_LoginTest_001 -->
    </test> <!-- Test -->
  </suite> <!-- Suite -->
</testng-results>
